Build started 18/6/19 上午 09:18:43.
     1>Project "G:\GitHub\FasTC\build\IO\FasTCIO.vcxproj" on node 2 (Build target(s)).
     1>ClCompile:
         E:\Program Files\VS2013\VC\bin\CL.exe /c /IG:\GitHub\FasTC\src\IO\third_party\tga /IG:\GitHub\FasTC\src\Base\include /IG:\GitHub\FasTC\build\Base\include /IG:\GitHub\FasTC\src\Core\include /IG:\GitHub\FasTC\build\Core\include /IG:\GitHub\FasTC\src\IO\include /IG:\GitHub\FasTC\build\IO\include /Zi /nologo /W3 /WX- /Od /Ob0 /Oy- /D WIN32 /D _WINDOWS /D _DEBUG /D "CMAKE_INTDIR=\"Debug\"" /D _MBCS /Gm- /EHsc /RTC1 /MDd /GS /fp:precise /Zc:wchar_t /Zc:forScope /GR /Fo"FasTCIO.dir\Debug\\" /Fd"FasTCIO.dir\Debug\vc120.pdb" /Gd /TP /analyze- /errorReport:prompt G:\GitHub\FasTC\src\IO\src\ImageFile.cpp
         ImageFile.cpp
     1>G:\GitHub\FasTC\src\IO\src\ImageFile.cpp(173): error C2061: syntax error : identifier 'ImageLoaderPNG'
     1>Done Building Project "G:\GitHub\FasTC\build\IO\FasTCIO.vcxproj" (Build target(s)) -- FAILED.

Build FAILED.

Time Elapsed 00:00:01.97
